
Copyright (C) 1994-2023 Synopsys, Inc.
This Synopsys software and all associated documentation are proprietary to Synopsys, Inc.
and may only be used pursuant to the terms and conditions of a written license agreement
with Synopsys, Inc. All other use, reproduction, modification, or distribution of the
Synopsys software or the associated documentation is strictly prohibited.
Tool: Synplify Pro (R)
Build: U-2023.03L-SP1
Install: /home/user/FPGA/tools/diamond/usr/local/diamond/3.13/synpbase
OS: Ubuntu 22.04.4 LTS
Hostname: user-HP-ProBook-450-G5
max virtual memory: unlimited (bytes)
max user processes: 47101
max stack size: 8388608 (bytes)


Implementation : project

# Written on Sat Sep 14 15:13:06 2024

##### DESIGN INFO #######################################################

Top View:                "pipelinec_top"
Constraint File(s):      (none)




##### SUMMARY ############################################################

Found 0 issues in 0 out of 0 constraints


##### DETAILS ############################################################



Clock Relationships
*******************

Starting              Ending                |     rise to rise     |     fall to fall     |     rise to fall     |     fall to rise                     
-------------------------------------------------------------------------------------------------------------------------------------------------------
pipelinec_top|clk     pipelinec_top|clk     |     5.000            |     No paths         |     No paths         |     No paths                         
=======================================================================================================================================================
 Note: 'No paths' indicates there are no paths in the design for that pair of clock edges.
       'Diff grp' indicates that paths exist but the starting clock and ending clock are in different clock groups.


Unconstrained Start/End Points
******************************

p:led


Inapplicable constraints
************************

(none)


Applicable constraints with issues
**********************************

(none)


Constraints with matching wildcard expressions
**********************************************

(none)


Library Report
**************


# End of Constraint Checker Report
