{
"Synplify Pro (R) Job Log" : {
	"Date" : "15:13:08    14-Sep-2024",
	"Working Directory" : "/home/user/FPGA/tools/PipelineC/ulx3s/3.build/build/project",
	"CDPL Log file" : "-",
	"Install" : "/home/user/FPGA/tools/diamond/usr/local/diamond/3.13/synpbase"
},
"project" :{
   "Start Time" : "15:13:03",
   "Runtime" : "05s",
   "Executable Run Time" : "04s",
   "synthesis" : {
      "Start Time" : "15:13:03",
      "Runtime" : "05s",
      "Executable Run Time" : "04s",
      "compile" : {
         "Start Time" : "15:13:03",
         "Runtime" : "03s",
         "Executable Run Time" : "02s",
         "compile_flow" : {
            "Start Time" : "15:13:03",
            "Runtime" : "01s",
            "Executable Run Time" : "00s",
            "compiler" : {
               "executable" : "bin/c_hdl",
               "Run Directory" : "/home/user/FPGA/tools/PipelineC/ulx3s/3.build/build/project",
               "Run State" : "Complete",
               "Return Code" : "0",
               "Has Errors" : "no",
               "Run Start Time" : "15:13:03",
               "Run Time" : "01s",
               "Exe Run Time" : "00s",
               "Memory Usage" : "33.460000",
               "CDPL" : "off",
               "Up-to-date (run skipped)" : "no"
            },
            "multi_srs_gen" : {
               "executable" : "bin/syn_nfilter",
               "Run Directory" : "/home/user/FPGA/tools/PipelineC/ulx3s/3.build/build/project",
               "Run State" : "Complete",
               "Return Code" : "0",
               "Has Errors" : "no",
               "Run Start Time" : "15:13:04",
               "Run Time" : "00s",
               "Exe Run Time" : "00s",
               "Memory Usage" : "66.764000",
               "CDPL" : "off",
               "Up-to-date (run skipped)" : "no"
            }
         },
         "premap" : {
            "executable" : "bin/m_gen_lattice",
            "Run Directory" : "/home/user/FPGA/tools/PipelineC/ulx3s/3.build/build/project",
            "Run State" : "Complete",
            "Return Code" : "1",
            "Has Errors" : "no",
            "Run Start Time" : "15:13:04",
            "Run Time" : "02s",
            "Exe Run Time" : "02s",
            "Memory Usage" : "295.960000",
            "CDPL" : "off",
            "Up-to-date (run skipped)" : "no"
         }
      },
      "map" : {
         "Start Time" : "15:13:06",
         "Runtime" : "02s",
         "Executable Run Time" : "02s",
         "fpga_mapper" : {
            "executable" : "bin/m_gen_lattice",
            "Run Directory" : "/home/user/FPGA/tools/PipelineC/ulx3s/3.build/build/project",
            "Run State" : "Complete",
            "Return Code" : "1",
            "Has Errors" : "no",
            "Run Start Time" : "15:13:06",
            "Run Time" : "02s",
            "Exe Run Time" : "02s",
            "Memory Usage" : "303.004000",
            "CDPL" : "off",
            "Up-to-date (run skipped)" : "no"
         }
      }
   }
}
}